#
# A fatal error has been detected by the Java Runtime Environment:
#
#  EXCEPTION_ACCESS_VIOLATION (0xc0000005) at pc=0x00007ffcef09d9f5, pid=8168, tid=1004
#
# JRE version: Java(TM) SE Runtime Environment (11.0.1+13) (build 11.0.1+13-LTS)
# Java VM: Java HotSpot(TM) 64-Bit Server VM (11.0.1+13-LTS, mixed mode, tiered, compressed oops, g1 gc, windows-amd64)
# Problematic frame:
# V  [jvm.dll+0x5ed9f5]
#
# No core dump will be written. Minidumps are not enabled by default on client versions of Windows
#
# If you would like to submit a bug report, please visit:
#   http://bugreport.java.com/bugreport/crash.jsp
#

---------------  S U M M A R Y ------------

Command Line: -Dfile.encoding=UTF-8 -agentpath:D:/NetBeans 8.2/profiler/lib/deployed/jdk16/windows-amd64/profilerinterface.dll=D:\NetBeans 8.2\profiler\lib,5140,10 -XX:+HeapDumpOnOutOfMemoryError -XX:HeapDumpPath=C:\Users\winst\OneDrive\Documents\NetBeansProjects\MathSolver\nbproject\private\profiler mathexample.MathExample

Host: Intel(R) Core(TM) i5-6600K CPU @ 3.50GHz, 4 cores, 15G,  Windows 10 , 64 bit Build 17134 (10.0.17134.1)
Time: Sat Feb  2 13:47:09 2019 Pacific Standard Time elapsed time: 2 seconds (0d 0h 0m 2s)

---------------  T H R E A D  ---------------

Current thread (0x000001c07f935800):  JavaThread "*** Profiler Agent Communication Thread" daemon [_thread_in_vm, id=1004, stack(0x0000004cb6200000,0x0000004cb6300000)]

Stack: [0x0000004cb6200000,0x0000004cb6300000],  sp=0x0000004cb62fe990,  free space=1018k
Native frames: (J=compiled Java code, j=interpreted, Vv=VM code, C=native code)
V  [jvm.dll+0x5ed9f5]
V  [jvm.dll+0x4b2580]
C  [profilerinterface.dll+0x34da]

Java frames: (J=compiled Java code, j=interpreted, Vv=VM code)
j  org.netbeans.lib.profiler.server.system.Stacks.getMethodNamesForJMethodIds(I[I[I)[B+0
j  org.netbeans.lib.profiler.server.ProfilerInterface.getMethodNamesForJMethodIds([I)Lorg/netbeans/lib/profiler/wireprotocol/MethodNamesResponse;+20
j  org.netbeans.lib.profiler.server.ProfilerServer.handleClientCommand(Lorg/netbeans/lib/profiler/wireprotocol/Command;)V+691
j  org.netbeans.lib.profiler.server.ProfilerServer.listenToClient()V+48
j  org.netbeans.lib.profiler.server.ProfilerServer.run()V+22
v  ~StubRoutines::call_stub

siginfo: EXCEPTION_ACCESS_VIOLATION (0xc0000005), reading address 0x000000007f81dbb8


Register to memory mapping:

RIP=0x00007ffcef09d9f5 jvm.dll
RAX=0x0000004cb62fe901 is pointing into the stack for thread: 0x000001c07f935800
RBX=0x000001c07f935800 is a thread
RCX=0x000000007f81dbb8 is an unknown value
RDX=0x000001c07f935800 is a thread
RSP=0x0000004cb62fe990 is pointing into the stack for thread: 0x000001c07f935800
RBP=0x000000007f81dbb8 is an unknown value
RSI=0x000001c070f06720 points into unknown readable memory
RDI=0x0000004cb62feab0 is pointing into the stack for thread: 0x000001c07f935800
R8 =0x0000004cb62feab0 is pointing into the stack for thread: 0x000001c07f935800
R9 =0x000000000000002e is an unknown value
R10=0x000001c071190310 points into unknown readable memory
R11=0x0000004cb62fe988 is pointing into the stack for thread: 0x000001c07f935800
R12=0x000001c0171a8810 points into unknown readable memory
R13=0x0000000000000014 is an unknown value
R14=0x00007ffd43099c68 profilerinterface.dll
R15=0x00007ffd43099a60 profilerinterface.dll


Registers:
RAX=0x0000004cb62fe901, RBX=0x000001c07f935800, RCX=0x000000007f81dbb8, RDX=0x000001c07f935800
RSP=0x0000004cb62fe990, RBP=0x000000007f81dbb8, RSI=0x000001c070f06720, RDI=0x0000004cb62feab0
R8 =0x0000004cb62feab0, R9 =0x000000000000002e, R10=0x000001c071190310, R11=0x0000004cb62fe988
R12=0x000001c0171a8810, R13=0x0000000000000014, R14=0x00007ffd43099c68, R15=0x00007ffd43099a60
RIP=0x00007ffcef09d9f5, EFLAGS=0x0000000000010206

Top of Stack: (sp=0x0000004cb62fe990)
0x0000004cb62fe990:   000001c07f935800 00007ffceee8581d
0x0000004cb62fe9a0:   000001c07f935800 0000004cb62feb68
0x0000004cb62fe9b0:   000001c07f935800 00007ffceef62580
0x0000004cb62fe9c0:   000001c07f935800 000001c07f935800
0x0000004cb62fe9d0:   000001c07f935b40 00007ffd55889960
0x0000004cb62fe9e0:   000001c07f935800 0000000000000000
0x0000004cb62fe9f0:   000001c000000000 0000000000000000
0x0000004cb62fea00:   000000007f81dbb8 00007ffd430934da
0x0000004cb62fea10:   000001c07f935800 0000000000000000
0x0000004cb62fea20:   000001c07f935b40 0000000000200021
0x0000004cb62fea30:   000001c0171a8810 00007ffceee3c0b3
0x0000004cb62fea40:   0000004cb62ff080 0000000000200021
0x0000004cb62fea50:   0000000000200021 000001c00004be9c
0x0000004cb62fea60:   000001c07ff5c360 000001c07f935800
0x0000004cb62fea70:   000001c07f935800 000001c07ff5c360
0x0000004cb62fea80:   0000000000000000 000001c000009950 

Instructions: (pc=0x00007ffcef09d9f5)
0x00007ffcef09d9d5:   cc cc cc cc cc cc cc cc cc cc cc 48 83 ec 28 48
0x00007ffcef09d9e5:   85 c9 75 07 33 c0 48 83 c4 28 c3 48 89 5c 24 20
0x00007ffcef09d9f5:   48 8b 19 48 85 db 74 20 48 83 fb 37 74 1a 48 8b
0x00007ffcef09da05:   13 48 8b cb ff 52 10 84 c0 74 0d 48 8b c3 48 8b 



---------------  P R O C E S S  ---------------

Threads class SMR info:
_java_thread_list=0x000001c07fa46500, length=14, elements={
0x000001c073178000, 0x000001c07f6e2000, 0x000001c07f6ec800, 0x000001c07f748800,
0x000001c07f74a800, 0x000001c07f74e800, 0x000001c07f752800, 0x000001c07f701000,
0x000001c07f8b1000, 0x000001c07f935800, 0x000001c07fa29800, 0x000001c07fa2a000,
0x000001c0176ff800, 0x000001c0176fc800
}

Java Threads: ( => current thread )
  0x000001c073178000 JavaThread "main" [_thread_blocked, id=3056, stack(0x0000004cb5300000,0x0000004cb5400000)]
  0x000001c07f6e2000 JavaThread "Reference Handler" daemon [_thread_blocked, id=4740, stack(0x0000004cb5a00000,0x0000004cb5b00000)]
  0x000001c07f6ec800 JavaThread "Finalizer" daemon [_thread_blocked, id=11492, stack(0x0000004cb5b00000,0x0000004cb5c00000)]
  0x000001c07f748800 JavaThread "Signal Dispatcher" daemon [_thread_blocked, id=6360, stack(0x0000004cb5c00000,0x0000004cb5d00000)]
  0x000001c07f74a800 JavaThread "Attach Listener" daemon [_thread_blocked, id=13440, stack(0x0000004cb5d00000,0x0000004cb5e00000)]
  0x000001c07f74e800 JavaThread "C2 CompilerThread0" daemon [_thread_blocked, id=16624, stack(0x0000004cb5e00000,0x0000004cb5f00000)]
  0x000001c07f752800 JavaThread "C1 CompilerThread0" daemon [_thread_blocked, id=8592, stack(0x0000004cb5f00000,0x0000004cb6000000)]
  0x000001c07f701000 JavaThread "Sweeper thread" daemon [_thread_blocked, id=7920, stack(0x0000004cb6000000,0x0000004cb6100000)]
  0x000001c07f8b1000 JavaThread "Common-Cleaner" daemon [_thread_blocked, id=1676, stack(0x0000004cb6100000,0x0000004cb6200000)]
=>0x000001c07f935800 JavaThread "*** Profiler Agent Communication Thread" daemon [_thread_in_vm, id=1004, stack(0x0000004cb6200000,0x0000004cb6300000)]
  0x000001c07fa29800 JavaThread "*** JFluid Monitor thread ***" daemon [_thread_blocked, id=8308, stack(0x0000004cb6300000,0x0000004cb6400000)]
  0x000001c07fa2a000 JavaThread "*** Profiler Agent Special Execution Thread 6" daemon [_thread_blocked, id=8616, stack(0x0000004cb6400000,0x0000004cb6500000)]
  0x000001c0176ff800 JavaThread "*** Profiler Agent Special Execution Thread 10" daemon [_thread_blocked, id=14164, stack(0x0000004cb6600000,0x0000004cb6700000)]
  0x000001c0176fc800 JavaThread "Service Thread" daemon [_thread_blocked, id=3336, stack(0x0000004cb6500000,0x0000004cb6600000)]

Other Threads:
  0x000001c07ee30800 VMThread "VM Thread" [stack: 0x0000004cb5900000,0x0000004cb5a00000] [id=16900]
  0x000001c0176f1000 WatcherThread [stack: 0x0000004cb6700000,0x0000004cb6800000] [id=13544]
  0x000001c07318e000 GCTaskThread "GC Thread#0" [stack: 0x0000004cb5400000,0x0000004cb5500000] [id=10696]
  0x000001c07f909800 GCTaskThread "GC Thread#1" [stack: 0x0000004cb6800000,0x0000004cb6900000] [id=1148]
  0x000001c0731e9000 ConcurrentGCThread "G1 Main Marker" [stack: 0x0000004cb5500000,0x0000004cb5600000] [id=7636]
  0x000001c0731ec000 ConcurrentGCThread "G1 Conc#0" [stack: 0x0000004cb5600000,0x0000004cb5700000] [id=8144]
  0x000001c07ed18800 ConcurrentGCThread "G1 Refine#0" [stack: 0x0000004cb5700000,0x0000004cb5800000] [id=15076]
  0x000001c07ed19000 ConcurrentGCThread "G1 Young RemSet Sampling" [stack: 0x0000004cb5800000,0x0000004cb5900000] [id=2708]

Threads with active compile tasks:

VM state:synchronizing (normal execution)

VM Mutex/Monitor currently owned by a thread:  ([mutex/lock_event])
[0x000001c073175410] Threads_lock - owner thread: 0x000001c07ee30800

Heap address: 0x0000000702000000, size: 4064 MB, Compressed Oops mode: Zero based, Oop shift amount: 3
Narrow klass base: 0x0000000800000000, Narrow klass shift: 0
Compressed class space size: 1073741824 Address: 0x0000000800000000

Heap:
 garbage-first heap   total 260096K, used 73844K [0x0000000702000000, 0x0000000800000000)
  region size 1024K, 70 young (71680K), 1 survivors (1024K)
 Metaspace       used 12259K, capacity 12524K, committed 12672K, reserved 1060864K
  class space    used 1229K, capacity 1324K, committed 1408K, reserved 1048576K
Heap Regions: E=young(eden), S=young(survivor), O=old, HS=humongous(starts), HC=humongous(continues), CS=collection set, F=free, A=archive, TAMS=top-at-mark-start (previous, next)
|   0|0x0000000702000000, 0x0000000702100000, 0x0000000702100000|100%|HS|  |TAMS 0x0000000702000000, 0x0000000702000000| Complete 
|   1|0x0000000702100000, 0x0000000702200000, 0x0000000702200000|100%|HC|  |TAMS 0x0000000702100000, 0x0000000702100000| Complete 
|   2|0x0000000702200000, 0x0000000702300000, 0x0000000702300000|100%| O|  |TAMS 0x0000000702200000, 0x0000000702200000| Untracked 
|   3|0x0000000702300000, 0x0000000702400000, 0x0000000702400000|100%| O|  |TAMS 0x0000000702300000, 0x0000000702300000| Untracked 
|   4|0x0000000702400000, 0x000000070241c000, 0x0000000702500000| 10%| O|  |TAMS 0x0000000702400000, 0x0000000702400000| Untracked 
|   5|0x0000000702500000, 0x0000000702500000, 0x0000000702600000|  0%| F|  |TAMS 0x0000000702500000, 0x0000000702500000| Untracked 
|   6|0x0000000702600000, 0x0000000702600000, 0x0000000702700000|  0%| F|  |TAMS 0x0000000702600000, 0x0000000702600000| Untracked 
|   7|0x0000000702700000, 0x0000000702700000, 0x0000000702800000|  0%| F|  |TAMS 0x0000000702700000, 0x0000000702700000| Untracked 
|   8|0x0000000702800000, 0x0000000702800000, 0x0000000702900000|  0%| F|  |TAMS 0x0000000702800000, 0x0000000702800000| Untracked 
|   9|0x0000000702900000, 0x0000000702900000, 0x0000000702a00000|  0%| F|  |TAMS 0x0000000702900000, 0x0000000702900000| Untracked 
|  10|0x0000000702a00000, 0x0000000702a00000, 0x0000000702b00000|  0%| F|  |TAMS 0x0000000702a00000, 0x0000000702a00000| Untracked 
|  11|0x0000000702b00000, 0x0000000702b00000, 0x0000000702c00000|  0%| F|  |TAMS 0x0000000702b00000, 0x0000000702b00000| Untracked 
|  12|0x0000000702c00000, 0x0000000702c00000, 0x0000000702d00000|  0%| F|  |TAMS 0x0000000702c00000, 0x0000000702c00000| Untracked 
|  13|0x0000000702d00000, 0x0000000702d00000, 0x0000000702e00000|  0%| F|  |TAMS 0x0000000702d00000, 0x0000000702d00000| Untracked 
|  14|0x0000000702e00000, 0x0000000702e00000, 0x0000000702f00000|  0%| F|  |TAMS 0x0000000702e00000, 0x0000000702e00000| Untracked 
|  15|0x0000000702f00000, 0x0000000702f00000, 0x0000000703000000|  0%| F|  |TAMS 0x0000000702f00000, 0x0000000702f00000| Untracked 
|  16|0x0000000703000000, 0x0000000703000000, 0x0000000703100000|  0%| F|  |TAMS 0x0000000703000000, 0x0000000703000000| Untracked 
|  17|0x0000000703100000, 0x0000000703100000, 0x0000000703200000|  0%| F|  |TAMS 0x0000000703100000, 0x0000000703100000| Untracked 
|  18|0x0000000703200000, 0x0000000703200000, 0x0000000703300000|  0%| F|  |TAMS 0x0000000703200000, 0x0000000703200000| Untracked 
|  19|0x0000000703300000, 0x0000000703300000, 0x0000000703400000|  0%| F|  |TAMS 0x0000000703300000, 0x0000000703300000| Untracked 
|  20|0x0000000703400000, 0x0000000703400000, 0x0000000703500000|  0%| F|  |TAMS 0x0000000703400000, 0x0000000703400000| Untracked 
|  21|0x0000000703500000, 0x0000000703500000, 0x0000000703600000|  0%| F|  |TAMS 0x0000000703500000, 0x0000000703500000| Untracked 
|  22|0x0000000703600000, 0x0000000703600000, 0x0000000703700000|  0%| F|  |TAMS 0x0000000703600000, 0x0000000703600000| Untracked 
|  23|0x0000000703700000, 0x0000000703700000, 0x0000000703800000|  0%| F|  |TAMS 0x0000000703700000, 0x0000000703700000| Untracked 
|  24|0x0000000703800000, 0x0000000703800000, 0x0000000703900000|  0%| F|  |TAMS 0x0000000703800000, 0x0000000703800000| Untracked 
|  25|0x0000000703900000, 0x0000000703900000, 0x0000000703a00000|  0%| F|  |TAMS 0x0000000703900000, 0x0000000703900000| Untracked 
|  26|0x0000000703a00000, 0x0000000703a00000, 0x0000000703b00000|  0%| F|  |TAMS 0x0000000703a00000, 0x0000000703a00000| Untracked 
|  27|0x0000000703b00000, 0x0000000703b00000, 0x0000000703c00000|  0%| F|  |TAMS 0x0000000703b00000, 0x0000000703b00000| Untracked 
|  28|0x0000000703c00000, 0x0000000703c00000, 0x0000000703d00000|  0%| F|  |TAMS 0x0000000703c00000, 0x0000000703c00000| Untracked 
|  29|0x0000000703d00000, 0x0000000703d00000, 0x0000000703e00000|  0%| F|  |TAMS 0x0000000703d00000, 0x0000000703d00000| Untracked 
|  30|0x0000000703e00000, 0x0000000703e00000, 0x0000000703f00000|  0%| F|  |TAMS 0x0000000703e00000, 0x0000000703e00000| Untracked 
|  31|0x0000000703f00000, 0x0000000703f00000, 0x0000000704000000|  0%| F|  |TAMS 0x0000000703f00000, 0x0000000703f00000| Untracked 
|  32|0x0000000704000000, 0x0000000704000000, 0x0000000704100000|  0%| F|  |TAMS 0x0000000704000000, 0x0000000704000000| Untracked 
|  33|0x0000000704100000, 0x0000000704100000, 0x0000000704200000|  0%| F|  |TAMS 0x0000000704100000, 0x0000000704100000| Untracked 
|  34|0x0000000704200000, 0x0000000704200000, 0x0000000704300000|  0%| F|  |TAMS 0x0000000704200000, 0x0000000704200000| Untracked 
|  35|0x0000000704300000, 0x0000000704300000, 0x0000000704400000|  0%| F|  |TAMS 0x0000000704300000, 0x0000000704300000| Untracked 
|  36|0x0000000704400000, 0x0000000704400000, 0x0000000704500000|  0%| F|  |TAMS 0x0000000704400000, 0x0000000704400000| Untracked 
|  37|0x0000000704500000, 0x0000000704500000, 0x0000000704600000|  0%| F|  |TAMS 0x0000000704500000, 0x0000000704500000| Untracked 
|  38|0x0000000704600000, 0x0000000704600000, 0x0000000704700000|  0%| F|  |TAMS 0x0000000704600000, 0x0000000704600000| Untracked 
|  39|0x0000000704700000, 0x0000000704700000, 0x0000000704800000|  0%| F|  |TAMS 0x0000000704700000, 0x0000000704700000| Untracked 
|  40|0x0000000704800000, 0x0000000704800000, 0x0000000704900000|  0%| F|  |TAMS 0x0000000704800000, 0x0000000704800000| Untracked 
|  41|0x0000000704900000, 0x0000000704900000, 0x0000000704a00000|  0%| F|  |TAMS 0x0000000704900000, 0x0000000704900000| Untracked 
|  42|0x0000000704a00000, 0x0000000704a00000, 0x0000000704b00000|  0%| F|  |TAMS 0x0000000704a00000, 0x0000000704a00000| Untracked 
|  43|0x0000000704b00000, 0x0000000704b00000, 0x0000000704c00000|  0%| F|  |TAMS 0x0000000704b00000, 0x0000000704b00000| Untracked 
|  44|0x0000000704c00000, 0x0000000704c00000, 0x0000000704d00000|  0%| F|  |TAMS 0x0000000704c00000, 0x0000000704c00000| Untracked 
|  45|0x0000000704d00000, 0x0000000704d00000, 0x0000000704e00000|  0%| F|  |TAMS 0x0000000704d00000, 0x0000000704d00000| Untracked 
|  46|0x0000000704e00000, 0x0000000704e00000, 0x0000000704f00000|  0%| F|  |TAMS 0x0000000704e00000, 0x0000000704e00000| Untracked 
|  47|0x0000000704f00000, 0x0000000704f00000, 0x0000000705000000|  0%| F|  |TAMS 0x0000000704f00000, 0x0000000704f00000| Untracked 
|  48|0x0000000705000000, 0x0000000705000000, 0x0000000705100000|  0%| F|  |TAMS 0x0000000705000000, 0x0000000705000000| Untracked 
|  49|0x0000000705100000, 0x0000000705100000, 0x0000000705200000|  0%| F|  |TAMS 0x0000000705100000, 0x0000000705100000| Untracked 
|  50|0x0000000705200000, 0x0000000705200000, 0x0000000705300000|  0%| F|  |TAMS 0x0000000705200000, 0x0000000705200000| Untracked 
|  51|0x0000000705300000, 0x0000000705300000, 0x0000000705400000|  0%| F|  |TAMS 0x0000000705300000, 0x0000000705300000| Untracked 
|  52|0x0000000705400000, 0x0000000705400000, 0x0000000705500000|  0%| F|  |TAMS 0x0000000705400000, 0x0000000705400000| Untracked 
|  53|0x0000000705500000, 0x0000000705500000, 0x0000000705600000|  0%| F|  |TAMS 0x0000000705500000, 0x0000000705500000| Untracked 
|  54|0x0000000705600000, 0x0000000705600000, 0x0000000705700000|  0%| F|  |TAMS 0x0000000705600000, 0x0000000705600000| Untracked 
|  55|0x0000000705700000, 0x0000000705700000, 0x0000000705800000|  0%| F|  |TAMS 0x0000000705700000, 0x0000000705700000| Untracked 
|  56|0x0000000705800000, 0x0000000705800000, 0x0000000705900000|  0%| F|  |TAMS 0x0000000705800000, 0x0000000705800000| Untracked 
|  57|0x0000000705900000, 0x0000000705900000, 0x0000000705a00000|  0%| F|  |TAMS 0x0000000705900000, 0x0000000705900000| Untracked 
|  58|0x0000000705a00000, 0x0000000705a00000, 0x0000000705b00000|  0%| F|  |TAMS 0x0000000705a00000, 0x0000000705a00000| Untracked 
|  59|0x0000000705b00000, 0x0000000705b00000, 0x0000000705c00000|  0%| F|  |TAMS 0x0000000705b00000, 0x0000000705b00000| Untracked 
|  60|0x0000000705c00000, 0x0000000705c00000, 0x0000000705d00000|  0%| F|  |TAMS 0x0000000705c00000, 0x0000000705c00000| Untracked 
|  61|0x0000000705d00000, 0x0000000705d00000, 0x0000000705e00000|  0%| F|  |TAMS 0x0000000705d00000, 0x0000000705d00000| Untracked 
|  62|0x0000000705e00000, 0x0000000705e00000, 0x0000000705f00000|  0%| F|  |TAMS 0x0000000705e00000, 0x0000000705e00000| Untracked 
|  63|0x0000000705f00000, 0x0000000705f00000, 0x0000000706000000|  0%| F|  |TAMS 0x0000000705f00000, 0x0000000705f00000| Untracked 
|  64|0x0000000706000000, 0x0000000706000000, 0x0000000706100000|  0%| F|  |TAMS 0x0000000706000000, 0x0000000706000000| Untracked 
|  65|0x0000000706100000, 0x0000000706100000, 0x0000000706200000|  0%| F|  |TAMS 0x0000000706100000, 0x0000000706100000| Untracked 
|  66|0x0000000706200000, 0x0000000706200000, 0x0000000706300000|  0%| F|  |TAMS 0x0000000706200000, 0x0000000706200000| Untracked 
|  67|0x0000000706300000, 0x0000000706300000, 0x0000000706400000|  0%| F|  |TAMS 0x0000000706300000, 0x0000000706300000| Untracked 
|  68|0x0000000706400000, 0x0000000706400000, 0x0000000706500000|  0%| F|  |TAMS 0x0000000706400000, 0x0000000706400000| Untracked 
|  69|0x0000000706500000, 0x0000000706500000, 0x0000000706600000|  0%| F|  |TAMS 0x0000000706500000, 0x0000000706500000| Untracked 
|  70|0x0000000706600000, 0x0000000706600000, 0x0000000706700000|  0%| F|  |TAMS 0x0000000706600000, 0x0000000706600000| Untracked 
|  71|0x0000000706700000, 0x0000000706700000, 0x0000000706800000|  0%| F|  |TAMS 0x0000000706700000, 0x0000000706700000| Untracked 
|  72|0x0000000706800000, 0x0000000706800000, 0x0000000706900000|  0%| F|  |TAMS 0x0000000706800000, 0x0000000706800000| Untracked 
|  73|0x0000000706900000, 0x0000000706900000, 0x0000000706a00000|  0%| F|  |TAMS 0x0000000706900000, 0x0000000706900000| Untracked 
|  74|0x0000000706a00000, 0x0000000706a00000, 0x0000000706b00000|  0%| F|  |TAMS 0x0000000706a00000, 0x0000000706a00000| Untracked 
|  75|0x0000000706b00000, 0x0000000706b00000, 0x0000000706c00000|  0%| F|  |TAMS 0x0000000706b00000, 0x0000000706b00000| Untracked 
|  76|0x0000000706c00000, 0x0000000706c00000, 0x0000000706d00000|  0%| F|  |TAMS 0x0000000706c00000, 0x0000000706c00000| Untracked 
|  77|0x0000000706d00000, 0x0000000706d00000, 0x0000000706e00000|  0%| F|  |TAMS 0x0000000706d00000, 0x0000000706d00000| Untracked 
|  78|0x0000000706e00000, 0x0000000706e00000, 0x0000000706f00000|  0%| F|  |TAMS 0x0000000706e00000, 0x0000000706e00000| Untracked 
|  79|0x0000000706f00000, 0x0000000706f00000, 0x0000000707000000|  0%| F|  |TAMS 0x0000000706f00000, 0x0000000706f00000| Untracked 
|  80|0x0000000707000000, 0x0000000707000000, 0x0000000707100000|  0%| F|  |TAMS 0x0000000707000000, 0x0000000707000000| Untracked 
|  81|0x0000000707100000, 0x0000000707100000, 0x0000000707200000|  0%| F|  |TAMS 0x0000000707100000, 0x0000000707100000| Untracked 
|  82|0x0000000707200000, 0x0000000707200000, 0x0000000707300000|  0%| F|  |TAMS 0x0000000707200000, 0x0000000707200000| Untracked 
|  83|0x0000000707300000, 0x0000000707300000, 0x0000000707400000|  0%| F|  |TAMS 0x0000000707300000, 0x0000000707300000| Untracked 
|  84|0x0000000707400000, 0x0000000707400000, 0x0000000707500000|  0%| F|  |TAMS 0x0000000707400000, 0x0000000707400000| Untracked 
|  85|0x0000000707500000, 0x0000000707500000, 0x0000000707600000|  0%| F|  |TAMS 0x0000000707500000, 0x0000000707500000| Untracked 
|  86|0x0000000707600000, 0x0000000707600000, 0x0000000707700000|  0%| F|  |TAMS 0x0000000707600000, 0x0000000707600000| Untracked 
|  87|0x0000000707700000, 0x0000000707700000, 0x0000000707800000|  0%| F|  |TAMS 0x0000000707700000, 0x0000000707700000| Untracked 
|  88|0x0000000707800000, 0x0000000707800000, 0x0000000707900000|  0%| F|  |TAMS 0x0000000707800000, 0x0000000707800000| Untracked 
|  89|0x0000000707900000, 0x0000000707900000, 0x0000000707a00000|  0%| F|  |TAMS 0x0000000707900000, 0x0000000707900000| Untracked 
|  90|0x0000000707a00000, 0x0000000707a00000, 0x0000000707b00000|  0%| F|  |TAMS 0x0000000707a00000, 0x0000000707a00000| Untracked 
|  91|0x0000000707b00000, 0x0000000707b00000, 0x0000000707c00000|  0%| F|  |TAMS 0x0000000707b00000, 0x0000000707b00000| Untracked 
|  92|0x0000000707c00000, 0x0000000707c00000, 0x0000000707d00000|  0%| F|  |TAMS 0x0000000707c00000, 0x0000000707c00000| Untracked 
|  93|0x0000000707d00000, 0x0000000707d00000, 0x0000000707e00000|  0%| F|  |TAMS 0x0000000707d00000, 0x0000000707d00000| Untracked 
|  94|0x0000000707e00000, 0x0000000707e00000, 0x0000000707f00000|  0%| F|  |TAMS 0x0000000707e00000, 0x0000000707e00000| Untracked 
|  95|0x0000000707f00000, 0x0000000707f00000, 0x0000000708000000|  0%| F|  |TAMS 0x0000000707f00000, 0x0000000707f00000| Untracked 
|  96|0x0000000708000000, 0x0000000708000000, 0x0000000708100000|  0%| F|  |TAMS 0x0000000708000000, 0x0000000708000000| Untracked 
|  97|0x0000000708100000, 0x0000000708100000, 0x0000000708200000|  0%| F|  |TAMS 0x0000000708100000, 0x0000000708100000| Untracked 
|  98|0x0000000708200000, 0x0000000708200000, 0x0000000708300000|  0%| F|  |TAMS 0x0000000708200000, 0x0000000708200000| Untracked 
|  99|0x0000000708300000, 0x0000000708300000, 0x0000000708400000|  0%| F|  |TAMS 0x0000000708300000, 0x0000000708300000| Untracked 
| 100|0x0000000708400000, 0x0000000708400000, 0x0000000708500000|  0%| F|  |TAMS 0x0000000708400000, 0x0000000708400000| Untracked 
| 101|0x0000000708500000, 0x0000000708500000, 0x0000000708600000|  0%| F|  |TAMS 0x0000000708500000, 0x0000000708500000| Untracked 
| 102|0x0000000708600000, 0x0000000708601020, 0x0000000708700000|  0%| S|CS|TAMS 0x0000000708600000, 0x0000000708600000| Complete 
| 103|0x0000000708700000, 0x0000000708700000, 0x0000000708800000|  0%| F|  |TAMS 0x0000000708700000, 0x0000000708700000| Untracked 
| 104|0x0000000708800000, 0x0000000708800000, 0x0000000708900000|  0%| F|  |TAMS 0x0000000708800000, 0x0000000708800000| Untracked 
| 105|0x0000000708900000, 0x0000000708900000, 0x0000000708a00000|  0%| F|  |TAMS 0x0000000708900000, 0x0000000708900000| Untracked 
| 106|0x0000000708a00000, 0x0000000708a00000, 0x0000000708b00000|  0%| F|  |TAMS 0x0000000708a00000, 0x0000000708a00000| Untracked 
| 107|0x0000000708b00000, 0x0000000708b00000, 0x0000000708c00000|  0%| F|  |TAMS 0x0000000708b00000, 0x0000000708b00000| Untracked 
| 108|0x0000000708c00000, 0x0000000708c00000, 0x0000000708d00000|  0%| F|  |TAMS 0x0000000708c00000, 0x0000000708c00000| Untracked 
| 109|0x0000000708d00000, 0x0000000708d00000, 0x0000000708e00000|  0%| F|  |TAMS 0x0000000708d00000, 0x0000000708d00000| Untracked 
| 110|0x0000000708e00000, 0x0000000708e00000, 0x0000000708f00000|  0%| F|  |TAMS 0x0000000708e00000, 0x0000000708e00000| Untracked 
| 111|0x0000000708f00000, 0x0000000708f00000, 0x0000000709000000|  0%| F|  |TAMS 0x0000000708f00000, 0x0000000708f00000| Untracked 
| 112|0x0000000709000000, 0x0000000709000000, 0x0000000709100000|  0%| F|  |TAMS 0x0000000709000000, 0x0000000709000000| Untracked 
| 113|0x0000000709100000, 0x0000000709100000, 0x0000000709200000|  0%| F|  |TAMS 0x0000000709100000, 0x0000000709100000| Untracked 
| 114|0x0000000709200000, 0x0000000709200000, 0x0000000709300000|  0%| F|  |TAMS 0x0000000709200000, 0x0000000709200000| Untracked 
| 115|0x0000000709300000, 0x0000000709300000, 0x0000000709400000|  0%| F|  |TAMS 0x0000000709300000, 0x0000000709300000| Untracked 
| 116|0x0000000709400000, 0x0000000709400000, 0x0000000709500000|  0%| F|  |TAMS 0x0000000709400000, 0x0000000709400000| Untracked 
| 117|0x0000000709500000, 0x0000000709500000, 0x0000000709600000|  0%| F|  |TAMS 0x0000000709500000, 0x0000000709500000| Untracked 
| 118|0x0000000709600000, 0x0000000709600000, 0x0000000709700000|  0%| F|  |TAMS 0x0000000709600000, 0x0000000709600000| Untracked 
| 119|0x0000000709700000, 0x0000000709700000, 0x0000000709800000|  0%| F|  |TAMS 0x0000000709700000, 0x0000000709700000| Untracked 
| 120|0x0000000709800000, 0x0000000709800000, 0x0000000709900000|  0%| F|  |TAMS 0x0000000709800000, 0x0000000709800000| Untracked 
| 121|0x0000000709900000, 0x0000000709900000, 0x0000000709a00000|  0%| F|  |TAMS 0x0000000709900000, 0x0000000709900000| Untracked 
| 122|0x0000000709a00000, 0x0000000709a00000, 0x0000000709b00000|  0%| F|  |TAMS 0x0000000709a00000, 0x0000000709a00000| Untracked 
| 123|0x0000000709b00000, 0x0000000709b00000, 0x0000000709c00000|  0%| F|  |TAMS 0x0000000709b00000, 0x0000000709b00000| Untracked 
| 124|0x0000000709c00000, 0x0000000709c00000, 0x0000000709d00000|  0%| F|  |TAMS 0x0000000709c00000, 0x0000000709c00000| Untracked 
| 125|0x0000000709d00000, 0x0000000709d00000, 0x0000000709e00000|  0%| F|  |TAMS 0x0000000709d00000, 0x0000000709d00000| Untracked 
| 126|0x0000000709e00000, 0x0000000709e00000, 0x0000000709f00000|  0%| F|  |TAMS 0x0000000709e00000, 0x0000000709e00000| Untracked 
| 127|0x0000000709f00000, 0x0000000709f00000, 0x000000070a000000|  0%| F|  |TAMS 0x0000000709f00000, 0x0000000709f00000| Untracked 
| 128|0x000000070a000000, 0x000000070a000000, 0x000000070a100000|  0%| F|  |TAMS 0x000000070a000000, 0x000000070a000000| Untracked 
| 129|0x000000070a100000, 0x000000070a100000, 0x000000070a200000|  0%| F|  |TAMS 0x000000070a100000, 0x000000070a100000| Untracked 
| 130|0x000000070a200000, 0x000000070a200000, 0x000000070a300000|  0%| F|  |TAMS 0x000000070a200000, 0x000000070a200000| Untracked 
| 131|0x000000070a300000, 0x000000070a300000, 0x000000070a400000|  0%| F|  |TAMS 0x000000070a300000, 0x000000070a300000| Untracked 
| 132|0x000000070a400000, 0x000000070a400000, 0x000000070a500000|  0%| F|  |TAMS 0x000000070a400000, 0x000000070a400000| Untracked 
| 133|0x000000070a500000, 0x000000070a500000, 0x000000070a600000|  0%| F|  |TAMS 0x000000070a500000, 0x000000070a500000| Untracked 
| 134|0x000000070a600000, 0x000000070a600000, 0x000000070a700000|  0%| F|  |TAMS 0x000000070a600000, 0x000000070a600000| Untracked 
| 135|0x000000070a700000, 0x000000070a700000, 0x000000070a800000|  0%| F|  |TAMS 0x000000070a700000, 0x000000070a700000| Untracked 
| 136|0x000000070a800000, 0x000000070a800000, 0x000000070a900000|  0%| F|  |TAMS 0x000000070a800000, 0x000000070a800000| Untracked 
| 137|0x000000070a900000, 0x000000070a900000, 0x000000070aa00000|  0%| F|  |TAMS 0x000000070a900000, 0x000000070a900000| Untracked 
| 138|0x000000070aa00000, 0x000000070aa00000, 0x000000070ab00000|  0%| F|  |TAMS 0x000000070aa00000, 0x000000070aa00000| Untracked 
| 139|0x000000070ab00000, 0x000000070ab00000, 0x000000070ac00000|  0%| F|  |TAMS 0x000000070ab00000, 0x000000070ab00000| Untracked 
| 140|0x000000070ac00000, 0x000000070ac00000, 0x000000070ad00000|  0%| F|  |TAMS 0x000000070ac00000, 0x000000070ac00000| Untracked 
| 141|0x000000070ad00000, 0x000000070ad00000, 0x000000070ae00000|  0%| F|  |TAMS 0x000000070ad00000, 0x000000070ad00000| Untracked 
| 142|0x000000070ae00000, 0x000000070ae00000, 0x000000070af00000|  0%| F|  |TAMS 0x000000070ae00000, 0x000000070ae00000| Untracked 
| 143|0x000000070af00000, 0x000000070af00000, 0x000000070b000000|  0%| F|  |TAMS 0x000000070af00000, 0x000000070af00000| Untracked 
| 144|0x000000070b000000, 0x000000070b000000, 0x000000070b100000|  0%| F|  |TAMS 0x000000070b000000, 0x000000070b000000| Untracked 
| 145|0x000000070b100000, 0x000000070b100000, 0x000000070b200000|  0%| F|  |TAMS 0x000000070b100000, 0x000000070b100000| Untracked 
| 146|0x000000070b200000, 0x000000070b200000, 0x000000070b300000|  0%| F|  |TAMS 0x000000070b200000, 0x000000070b200000| Untracked 
| 147|0x000000070b300000, 0x000000070b300000, 0x000000070b400000|  0%| F|  |TAMS 0x000000070b300000, 0x000000070b300000| Untracked 
| 148|0x000000070b400000, 0x000000070b400000, 0x000000070b500000|  0%| F|  |TAMS 0x000000070b400000, 0x000000070b400000| Untracked 
| 149|0x000000070b500000, 0x000000070b500000, 0x000000070b600000|  0%| F|  |TAMS 0x000000070b500000, 0x000000070b500000| Untracked 
| 150|0x000000070b600000, 0x000000070b600000, 0x000000070b700000|  0%| F|  |TAMS 0x000000070b600000, 0x000000070b600000| Untracked 
| 151|0x000000070b700000, 0x000000070b700000, 0x000000070b800000|  0%| F|  |TAMS 0x000000070b700000, 0x000000070b700000| Untracked 
| 152|0x000000070b800000, 0x000000070b800000, 0x000000070b900000|  0%| F|  |TAMS 0x000000070b800000, 0x000000070b800000| Untracked 
| 153|0x000000070b900000, 0x000000070b900000, 0x000000070ba00000|  0%| F|  |TAMS 0x000000070b900000, 0x000000070b900000| Untracked 
| 154|0x000000070ba00000, 0x000000070ba00000, 0x000000070bb00000|  0%| F|  |TAMS 0x000000070ba00000, 0x000000070ba00000| Untracked 
| 155|0x000000070bb00000, 0x000000070bb00000, 0x000000070bc00000|  0%| F|  |TAMS 0x000000070bb00000, 0x000000070bb00000| Untracked 
| 156|0x000000070bc00000, 0x000000070bc00000, 0x000000070bd00000|  0%| F|  |TAMS 0x000000070bc00000, 0x000000070bc00000| Untracked 
| 157|0x000000070bd00000, 0x000000070bd00000, 0x000000070be00000|  0%| F|  |TAMS 0x000000070bd00000, 0x000000070bd00000| Untracked 
| 158|0x000000070be00000, 0x000000070be00000, 0x000000070bf00000|  0%| F|  |TAMS 0x000000070be00000, 0x000000070be00000| Untracked 
| 159|0x000000070bf00000, 0x000000070bf00000, 0x000000070c000000|  0%| F|  |TAMS 0x000000070bf00000, 0x000000070bf00000| Untracked 
| 160|0x000000070c000000, 0x000000070c000000, 0x000000070c100000|  0%| F|  |TAMS 0x000000070c000000, 0x000000070c000000| Untracked 
| 161|0x000000070c100000, 0x000000070c100000, 0x000000070c200000|  0%| F|  |TAMS 0x000000070c100000, 0x000000070c100000| Untracked 
| 162|0x000000070c200000, 0x000000070c200000, 0x000000070c300000|  0%| F|  |TAMS 0x000000070c200000, 0x000000070c200000| Untracked 
| 163|0x000000070c300000, 0x000000070c300000, 0x000000070c400000|  0%| F|  |TAMS 0x000000070c300000, 0x000000070c300000| Untracked 
| 164|0x000000070c400000, 0x000000070c400000, 0x000000070c500000|  0%| F|  |TAMS 0x000000070c400000, 0x000000070c400000| Untracked 
| 165|0x000000070c500000, 0x000000070c500000, 0x000000070c600000|  0%| F|  |TAMS 0x000000070c500000, 0x000000070c500000| Untracked 
| 166|0x000000070c600000, 0x000000070c600000, 0x000000070c700000|  0%| F|  |TAMS 0x000000070c600000, 0x000000070c600000| Untracked 
| 167|0x000000070c700000, 0x000000070c700000, 0x000000070c800000|  0%| F|  |TAMS 0x000000070c700000, 0x000000070c700000| Untracked 
| 168|0x000000070c800000, 0x000000070c800000, 0x000000070c900000|  0%| F|  |TAMS 0x000000070c800000, 0x000000070c800000| Untracked 
| 169|0x000000070c900000, 0x000000070c900000, 0x000000070ca00000|  0%| F|  |TAMS 0x000000070c900000, 0x000000070c900000| Untracked 
| 170|0x000000070ca00000, 0x000000070ca00000, 0x000000070cb00000|  0%| F|  |TAMS 0x000000070ca00000, 0x000000070ca00000| Untracked 
| 171|0x000000070cb00000, 0x000000070cb00000, 0x000000070cc00000|  0%| F|  |TAMS 0x000000070cb00000, 0x000000070cb00000| Untracked 
| 172|0x000000070cc00000, 0x000000070cc00000, 0x000000070cd00000|  0%| F|  |TAMS 0x000000070cc00000, 0x000000070cc00000| Untracked 
| 173|0x000000070cd00000, 0x000000070cd00000, 0x000000070ce00000|  0%| F|  |TAMS 0x000000070cd00000, 0x000000070cd00000| Untracked 
| 174|0x000000070ce00000, 0x000000070ce00000, 0x000000070cf00000|  0%| F|  |TAMS 0x000000070ce00000, 0x000000070ce00000| Untracked 
| 175|0x000000070cf00000, 0x000000070cf00000, 0x000000070d000000|  0%| F|  |TAMS 0x000000070cf00000, 0x000000070cf00000| Untracked 
| 176|0x000000070d000000, 0x000000070d000000, 0x000000070d100000|  0%| F|  |TAMS 0x000000070d000000, 0x000000070d000000| Untracked 
| 177|0x000000070d100000, 0x000000070d100000, 0x000000070d200000|  0%| F|  |TAMS 0x000000070d100000, 0x000000070d100000| Untracked 
| 178|0x000000070d200000, 0x000000070d200000, 0x000000070d300000|  0%| F|  |TAMS 0x000000070d200000, 0x000000070d200000| Untracked 
| 179|0x000000070d300000, 0x000000070d300000, 0x000000070d400000|  0%| F|  |TAMS 0x000000070d300000, 0x000000070d300000| Untracked 
| 180|0x000000070d400000, 0x000000070d400000, 0x000000070d500000|  0%| F|  |TAMS 0x000000070d400000, 0x000000070d400000| Untracked 
| 181|0x000000070d500000, 0x000000070d500000, 0x000000070d600000|  0%| F|  |TAMS 0x000000070d500000, 0x000000070d500000| Untracked 
| 182|0x000000070d600000, 0x000000070d600000, 0x000000070d700000|  0%| F|  |TAMS 0x000000070d600000, 0x000000070d600000| Untracked 
| 183|0x000000070d700000, 0x000000070d700000, 0x000000070d800000|  0%| F|  |TAMS 0x000000070d700000, 0x000000070d700000| Untracked 
| 184|0x000000070d800000, 0x000000070d800000, 0x000000070d900000|  0%| F|  |TAMS 0x000000070d800000, 0x000000070d800000| Untracked 
| 185|0x000000070d900000, 0x000000070da00000, 0x000000070da00000|100%| E|  |TAMS 0x000000070d900000, 0x000000070d900000| Complete 
| 186|0x000000070da00000, 0x000000070db00000, 0x000000070db00000|100%| E|CS|TAMS 0x000000070da00000, 0x000000070da00000| Complete 
| 187|0x000000070db00000, 0x000000070dc00000, 0x000000070dc00000|100%| E|CS|TAMS 0x000000070db00000, 0x000000070db00000| Complete 
| 188|0x000000070dc00000, 0x000000070dd00000, 0x000000070dd00000|100%| E|CS|TAMS 0x000000070dc00000, 0x000000070dc00000| Complete 
| 189|0x000000070dd00000, 0x000000070de00000, 0x000000070de00000|100%| E|CS|TAMS 0x000000070dd00000, 0x000000070dd00000| Complete 
| 190|0x000000070de00000, 0x000000070df00000, 0x000000070df00000|100%| E|CS|TAMS 0x000000070de00000, 0x000000070de00000| Complete 
| 191|0x000000070df00000, 0x000000070e000000, 0x000000070e000000|100%| E|CS|TAMS 0x000000070df00000, 0x000000070df00000| Complete 
| 192|0x000000070e000000, 0x000000070e100000, 0x000000070e100000|100%| E|CS|TAMS 0x000000070e000000, 0x000000070e000000| Complete 
| 193|0x000000070e100000, 0x000000070e200000, 0x000000070e200000|100%| E|CS|TAMS 0x000000070e100000, 0x000000070e100000| Complete 
| 194|0x000000070e200000, 0x000000070e300000, 0x000000070e300000|100%| E|CS|TAMS 0x000000070e200000, 0x000000070e200000| Complete 
| 195|0x000000070e300000, 0x000000070e400000, 0x000000070e400000|100%| E|CS|TAMS 0x000000070e300000, 0x000000070e300000| Complete 
| 196|0x000000070e400000, 0x000000070e500000, 0x000000070e500000|100%| E|CS|TAMS 0x000000070e400000, 0x000000070e400000| Complete 
| 197|0x000000070e500000, 0x000000070e600000, 0x000000070e600000|100%| E|CS|TAMS 0x000000070e500000, 0x000000070e500000| Complete 
| 198|0x000000070e600000, 0x000000070e700000, 0x000000070e700000|100%| E|CS|TAMS 0x000000070e600000, 0x000000070e600000| Complete 
| 199|0x000000070e700000, 0x000000070e800000, 0x000000070e800000|100%| E|CS|TAMS 0x000000070e700000, 0x000000070e700000| Complete 
| 200|0x000000070e800000, 0x000000070e900000, 0x000000070e900000|100%| E|CS|TAMS 0x000000070e800000, 0x000000070e800000| Complete 
| 201|0x000000070e900000, 0x000000070ea00000, 0x000000070ea00000|100%| E|CS|TAMS 0x000000070e900000, 0x000000070e900000| Complete 
| 202|0x000000070ea00000, 0x000000070eb00000, 0x000000070eb00000|100%| E|CS|TAMS 0x000000070ea00000, 0x000000070ea00000| Complete 
| 203|0x000000070eb00000, 0x000000070ec00000, 0x000000070ec00000|100%| E|CS|TAMS 0x000000070eb00000, 0x000000070eb00000| Complete 
| 204|0x000000070ec00000, 0x000000070ed00000, 0x000000070ed00000|100%| E|CS|TAMS 0x000000070ec00000, 0x000000070ec00000| Complete 
| 205|0x000000070ed00000, 0x000000070ee00000, 0x000000070ee00000|100%| E|CS|TAMS 0x000000070ed00000, 0x000000070ed00000| Complete 
| 206|0x000000070ee00000, 0x000000070ef00000, 0x000000070ef00000|100%| E|CS|TAMS 0x000000070ee00000, 0x000000070ee00000| Complete 
| 207|0x000000070ef00000, 0x000000070f000000, 0x000000070f000000|100%| E|CS|TAMS 0x000000070ef00000, 0x000000070ef00000| Complete 
| 208|0x000000070f000000, 0x000000070f100000, 0x000000070f100000|100%| E|CS|TAMS 0x000000070f000000, 0x000000070f000000| Complete 
| 209|0x000000070f100000, 0x000000070f200000, 0x000000070f200000|100%| E|CS|TAMS 0x000000070f100000, 0x000000070f100000| Complete 
| 210|0x000000070f200000, 0x000000070f300000, 0x000000070f300000|100%| E|CS|TAMS 0x000000070f200000, 0x000000070f200000| Complete 
| 211|0x000000070f300000, 0x000000070f400000, 0x000000070f400000|100%| E|CS|TAMS 0x000000070f300000, 0x000000070f300000| Complete 
| 212|0x000000070f400000, 0x000000070f500000, 0x000000070f500000|100%| E|CS|TAMS 0x000000070f400000, 0x000000070f400000| Complete 
| 213|0x000000070f500000, 0x000000070f600000, 0x000000070f600000|100%| E|CS|TAMS 0x000000070f500000, 0x000000070f500000| Complete 
| 214|0x000000070f600000, 0x000000070f700000, 0x000000070f700000|100%| E|CS|TAMS 0x000000070f600000, 0x000000070f600000| Complete 
| 215|0x000000070f700000, 0x000000070f800000, 0x000000070f800000|100%| E|CS|TAMS 0x000000070f700000, 0x000000070f700000| Complete 
| 216|0x000000070f800000, 0x000000070f900000, 0x000000070f900000|100%| E|CS|TAMS 0x000000070f800000, 0x000000070f800000| Complete 
| 217|0x000000070f900000, 0x000000070fa00000, 0x000000070fa00000|100%| E|CS|TAMS 0x000000070f900000, 0x000000070f900000| Complete 
| 218|0x000000070fa00000, 0x000000070fb00000, 0x000000070fb00000|100%| E|CS|TAMS 0x000000070fa00000, 0x000000070fa00000| Complete 
| 219|0x000000070fb00000, 0x000000070fc00000, 0x000000070fc00000|100%| E|CS|TAMS 0x000000070fb00000, 0x000000070fb00000| Complete 
| 220|0x000000070fc00000, 0x000000070fd00000, 0x000000070fd00000|100%| E|CS|TAMS 0x000000070fc00000, 0x000000070fc00000| Complete 
| 221|0x000000070fd00000, 0x000000070fe00000, 0x000000070fe00000|100%| E|CS|TAMS 0x000000070fd00000, 0x000000070fd00000| Complete 
| 222|0x000000070fe00000, 0x000000070ff00000, 0x000000070ff00000|100%| E|CS|TAMS 0x000000070fe00000, 0x000000070fe00000| Complete 
| 223|0x000000070ff00000, 0x0000000710000000, 0x0000000710000000|100%| E|CS|TAMS 0x000000070ff00000, 0x000000070ff00000| Complete 
| 224|0x0000000710000000, 0x0000000710100000, 0x0000000710100000|100%| E|CS|TAMS 0x0000000710000000, 0x0000000710000000| Complete 
| 225|0x0000000710100000, 0x0000000710200000, 0x0000000710200000|100%| E|CS|TAMS 0x0000000710100000, 0x0000000710100000| Complete 
| 226|0x0000000710200000, 0x0000000710300000, 0x0000000710300000|100%| E|CS|TAMS 0x0000000710200000, 0x0000000710200000| Complete 
| 227|0x0000000710300000, 0x0000000710400000, 0x0000000710400000|100%| E|CS|TAMS 0x0000000710300000, 0x0000000710300000| Complete 
| 228|0x0000000710400000, 0x0000000710500000, 0x0000000710500000|100%| E|CS|TAMS 0x0000000710400000, 0x0000000710400000| Complete 
| 229|0x0000000710500000, 0x0000000710600000, 0x0000000710600000|100%| E|CS|TAMS 0x0000000710500000, 0x0000000710500000| Complete 
| 230|0x0000000710600000, 0x0000000710700000, 0x0000000710700000|100%| E|CS|TAMS 0x0000000710600000, 0x0000000710600000| Complete 
| 231|0x0000000710700000, 0x0000000710800000, 0x0000000710800000|100%| E|CS|TAMS 0x0000000710700000, 0x0000000710700000| Complete 
| 232|0x0000000710800000, 0x0000000710900000, 0x0000000710900000|100%| E|CS|TAMS 0x0000000710800000, 0x0000000710800000| Complete 
| 233|0x0000000710900000, 0x0000000710a00000, 0x0000000710a00000|100%| E|CS|TAMS 0x0000000710900000, 0x0000000710900000| Complete 
| 234|0x0000000710a00000, 0x0000000710b00000, 0x0000000710b00000|100%| E|CS|TAMS 0x0000000710a00000, 0x0000000710a00000| Complete 
| 235|0x0000000710b00000, 0x0000000710c00000, 0x0000000710c00000|100%| E|CS|TAMS 0x0000000710b00000, 0x0000000710b00000| Complete 
| 236|0x0000000710c00000, 0x0000000710d00000, 0x0000000710d00000|100%| E|CS|TAMS 0x0000000710c00000, 0x0000000710c00000| Complete 
| 237|0x0000000710d00000, 0x0000000710e00000, 0x0000000710e00000|100%| E|CS|TAMS 0x0000000710d00000, 0x0000000710d00000| Complete 
| 238|0x0000000710e00000, 0x0000000710f00000, 0x0000000710f00000|100%| E|CS|TAMS 0x0000000710e00000, 0x0000000710e00000| Complete 
| 239|0x0000000710f00000, 0x0000000711000000, 0x0000000711000000|100%| E|CS|TAMS 0x0000000710f00000, 0x0000000710f00000| Complete 
| 240|0x0000000711000000, 0x0000000711100000, 0x0000000711100000|100%| E|CS|TAMS 0x0000000711000000, 0x0000000711000000| Complete 
| 241|0x0000000711100000, 0x0000000711200000, 0x0000000711200000|100%| E|CS|TAMS 0x0000000711100000, 0x0000000711100000| Complete 
| 242|0x0000000711200000, 0x0000000711300000, 0x0000000711300000|100%| E|CS|TAMS 0x0000000711200000, 0x0000000711200000| Complete 
| 243|0x0000000711300000, 0x0000000711400000, 0x0000000711400000|100%| E|CS|TAMS 0x0000000711300000, 0x0000000711300000| Complete 
| 244|0x0000000711400000, 0x0000000711500000, 0x0000000711500000|100%| E|CS|TAMS 0x0000000711400000, 0x0000000711400000| Complete 
| 245|0x0000000711500000, 0x0000000711600000, 0x0000000711600000|100%| E|CS|TAMS 0x0000000711500000, 0x0000000711500000| Complete 
| 246|0x0000000711600000, 0x0000000711700000, 0x0000000711700000|100%| E|CS|TAMS 0x0000000711600000, 0x0000000711600000| Complete 
| 247|0x0000000711700000, 0x0000000711800000, 0x0000000711800000|100%| E|CS|TAMS 0x0000000711700000, 0x0000000711700000| Complete 
| 248|0x0000000711800000, 0x0000000711900000, 0x0000000711900000|100%| E|CS|TAMS 0x0000000711800000, 0x0000000711800000| Complete 
| 249|0x0000000711900000, 0x0000000711a00000, 0x0000000711a00000|100%| E|CS|TAMS 0x0000000711900000, 0x0000000711900000| Complete 
| 250|0x0000000711a00000, 0x0000000711b00000, 0x0000000711b00000|100%| E|CS|TAMS 0x0000000711a00000, 0x0000000711a00000| Complete 
| 251|0x0000000711b00000, 0x0000000711c00000, 0x0000000711c00000|100%| E|CS|TAMS 0x0000000711b00000, 0x0000000711b00000| Complete 
| 252|0x0000000711c00000, 0x0000000711d00000, 0x0000000711d00000|100%| E|CS|TAMS 0x0000000711c00000, 0x0000000711c00000| Complete 
| 253|0x0000000711d00000, 0x0000000711e00000, 0x0000000711e00000|100%| E|CS|TAMS 0x0000000711d00000, 0x0000000711d00000| Complete 

Card table byte_map: [0x000001c07bc80000,0x000001c07c470000] _byte_map_base: 0x000001c078470000

Marking Bits (Prev, Next): (CMBitMap*) 0x000001c0731d8788, (CMBitMap*) 0x000001c0731d87c0
 Prev Bits: [0x000001c00f000000, 0x000001c012f80000)
 Next Bits: [0x000001c012f80000, 0x000001c016f00000)

Polling page: 0x000001c0710e0000

Metaspace:

Usage:
  Non-class:     10.94 MB capacity,    10.77 MB ( 98%) used,   145.62 KB (  1%) free+waste,    24.44 KB ( <1%) overhead. 
      Class:      1.29 MB capacity,     1.20 MB ( 93%) used,    82.88 KB (  6%) free+waste,    11.81 KB ( <1%) overhead. 
       Both:     12.23 MB capacity,    11.97 MB ( 98%) used,   228.49 KB (  2%) free+waste,    36.25 KB ( <1%) overhead. 

Virtual space:
  Non-class space:       12.00 MB reserved,      11.00 MB ( 92%) committed 
      Class space:        1.00 GB reserved,       1.38 MB ( <1%) committed 
             Both:        1.01 GB reserved,      12.38 MB (  1%) committed 

Chunk freelists:
   Non-Class:  0 bytes
       Class:  2.50 KB
        Both:  2.50 KB

CodeHeap 'non-profiled nmethods': size=120064Kb used=239Kb max_used=239Kb free=119824Kb
 bounds [0x000001c007ac0000, 0x000001c007d30000, 0x000001c00f000000]
CodeHeap 'profiled nmethods': size=120000Kb used=881Kb max_used=881Kb free=119118Kb
 bounds [0x000001c000590000, 0x000001c000800000, 0x000001c007ac0000]
CodeHeap 'non-nmethods': size=5696Kb used=1112Kb max_used=1140Kb free=4583Kb
 bounds [0x000001c000000000, 0x000001c000270000, 0x000001c000590000]
 total_blobs=1137 nmethods=587 adapters=331
 compilation: enabled
              stopped_count=0, restarted_count=0
 full_count=0

Compilation events (10 events):
Event: 1.541 Thread 0x000001c07f752800  583       3       java.lang.Long::valueOf (40 bytes)
Event: 1.541 Thread 0x000001c07f752800 nmethod 583 0x000001c00066aa90 code [0x000001c00066ac60, 0x000001c00066aff8]
Event: 1.629 Thread 0x000001c07f74e800  584       4       java.util.HashMap::put (13 bytes)
Event: 1.636 Thread 0x000001c07f74e800 nmethod 584 0x000001c007afad10 code [0x000001c007afaf40, 0x000001c007afb960]
Event: 1.791 Thread 0x000001c07f752800  585       3       java.util.Arrays::equals (43 bytes)
Event: 1.791 Thread 0x000001c07f752800 nmethod 585 0x000001c00066b190 code [0x000001c00066b360, 0x000001c00066b670]
Event: 1.835 Thread 0x000001c07f752800  586       3       jdk.internal.util.ArraysSupport::vectorizedMismatch (268 bytes)
Event: 1.835 Thread 0x000001c07f752800 nmethod 586 0x000001c00066b790 code [0x000001c00066b980, 0x000001c00066bde0]
Event: 1.835 Thread 0x000001c07f752800  587       3       org.netbeans.lib.profiler.server.ProfilerRuntimeSampler$Sampling::writeThreadInfoNoChange (86 bytes)
Event: 1.836 Thread 0x000001c07f752800 nmethod 587 0x000001c00066bf90 code [0x000001c00066c180, 0x000001c00066c510]

GC Heap History (10 events):
Event: 1.338 GC heap before
{Heap before GC invocations=2 (full 0):
 garbage-first heap   total 260096K, used 23035K [0x0000000702000000, 0x0000000800000000)
  region size 1024K, 19 young (19456K), 1 survivors (1024K)
 Metaspace       used 12235K, capacity 12524K, committed 12672K, reserved 1060864K
  class space    used 1227K, capacity 1324K, committed 1408K, reserved 1048576K
}
Event: 1.338 GC heap after
{Heap after GC invocations=3 (full 0):
 garbage-first heap   total 260096K, used 4257K [0x0000000702000000, 0x0000000800000000)
  region size 1024K, 1 young (1024K), 1 survivors (1024K)
 Metaspace       used 12235K, capacity 12524K, committed 12672K, reserved 1060864K
  class space    used 1227K, capacity 1324K, committed 1408K, reserved 1048576K
}
Event: 1.534 GC heap before
{Heap before GC invocations=3 (full 0):
 garbage-first heap   total 260096K, used 158881K [0x0000000702000000, 0x0000000800000000)
  region size 1024K, 152 young (155648K), 1 survivors (1024K)
 Metaspace       used 12239K, capacity 12524K, committed 12672K, reserved 1060864K
  class space    used 1227K, capacity 1324K, committed 1408K, reserved 1048576K
}
Event: 1.535 GC heap after
{Heap after GC invocations=4 (full 0):
 garbage-first heap   total 260096K, used 4233K [0x0000000702000000, 0x0000000800000000)
  region size 1024K, 1 young (1024K), 1 survivors (1024K)
 Metaspace       used 12239K, capacity 12524K, committed 12672K, reserved 1060864K
  class space    used 1227K, capacity 1324K, committed 1408K, reserved 1048576K
}
Event: 1.669 GC heap before
{Heap before GC invocations=4 (full 0):
 garbage-first heap   total 260096K, used 158857K [0x0000000702000000, 0x0000000800000000)
  region size 1024K, 152 young (155648K), 1 survivors (1024K)
 Metaspace       used 12240K, capacity 12524K, committed 12672K, reserved 1060864K
  class space    used 1227K, capacity 1324K, committed 1408K, reserved 1048576K
}
Event: 1.669 GC heap after
{Heap after GC invocations=5 (full 0):
 garbage-first heap   total 260096K, used 4214K [0x0000000702000000, 0x0000000800000000)
  region size 1024K, 1 young (1024K), 1 survivors (1024K)
 Metaspace       used 12240K, capacity 12524K, committed 12672K, reserved 1060864K
  class space    used 1227K, capacity 1324K, committed 1408K, reserved 1048576K
}
Event: 1.802 GC heap before
{Heap before GC invocations=5 (full 0):
 garbage-first heap   total 260096K, used 158838K [0x0000000702000000, 0x0000000800000000)
  region size 1024K, 152 young (155648K), 1 survivors (1024K)
 Metaspace       used 12241K, capacity 12524K, committed 12672K, reserved 1060864K
  class space    used 1227K, capacity 1324K, committed 1408K, reserved 1048576K
}
Event: 1.802 GC heap after
{Heap after GC invocations=6 (full 0):
 garbage-first heap   total 260096K, used 4212K [0x0000000702000000, 0x0000000800000000)
  region size 1024K, 1 young (1024K), 1 survivors (1024K)
 Metaspace       used 12241K, capacity 12524K, committed 12672K, reserved 1060864K
  class space    used 1227K, capacity 1324K, committed 1408K, reserved 1048576K
}
Event: 1.936 GC heap before
{Heap before GC invocations=6 (full 0):
 garbage-first heap   total 260096K, used 158836K [0x0000000702000000, 0x0000000800000000)
  region size 1024K, 152 young (155648K), 1 survivors (1024K)
 Metaspace       used 12244K, capacity 12524K, committed 12672K, reserved 1060864K
  class space    used 1227K, capacity 1324K, committed 1408K, reserved 1048576K
}
Event: 1.936 GC heap after
{Heap after GC invocations=7 (full 0):
 garbage-first heap   total 260096K, used 4212K [0x0000000702000000, 0x0000000800000000)
  region size 1024K, 1 young (1024K), 1 survivors (1024K)
 Metaspace       used 12244K, capacity 12524K, committed 12672K, reserved 1060864K
  class space    used 1227K, capacity 1324K, committed 1408K, reserved 1048576K
}

Deoptimization events (3 events):
Event: 0.098 Thread 0x000001c073178000 Uncommon trap: reason=unstable_if action=reinterpret pc=0x000001c007ac53e4 method=java.lang.String.hashCode()I @ 14 c2
Event: 0.146 Thread 0x000001c073178000 Uncommon trap: reason=unstable_if action=reinterpret pc=0x000001c007ac78f8 method=java.lang.String.isLatin1()Z @ 10 c2
Event: 1.143 Thread 0x000001c073178000 Uncommon trap: reason=unstable_if action=reinterpret pc=0x000001c007aca914 method=java.lang.String.isLatin1()Z @ 10 c2

Classes redefined (0 events):
No events

Internal exceptions (10 events):
Event: 1.321 Thread 0x000001c073178000 Exception <a 'java/lang/ArrayIndexOutOfBoundsException'{0x00000007118ceab8}> (0x00000007118ceab8) thrown at [t:/workspace/open/src/hotspot/share/runtime/sharedRuntime.cpp, line 584]
Event: 1.321 Thread 0x000001c073178000 Exception <a 'java/lang/ArrayIndexOutOfBoundsException'{0x00000007118cefe8}> (0x00000007118cefe8) thrown at [t:/workspace/open/src/hotspot/share/runtime/sharedRuntime.cpp, line 584]
Event: 1.321 Thread 0x000001c073178000 Exception <a 'java/lang/ArrayIndexOutOfBoundsException'{0x00000007118cf518}> (0x00000007118cf518) thrown at [t:/workspace/open/src/hotspot/share/runtime/sharedRuntime.cpp, line 584]
Event: 1.321 Thread 0x000001c073178000 Exception <a 'java/lang/ArrayIndexOutOfBoundsException'{0x00000007118cfa48}> (0x00000007118cfa48) thrown at [t:/workspace/open/src/hotspot/share/runtime/sharedRuntime.cpp, line 584]
Event: 1.321 Thread 0x000001c073178000 Exception <a 'java/lang/ArrayIndexOutOfBoundsException'{0x00000007118cff78}> (0x00000007118cff78) thrown at [t:/workspace/open/src/hotspot/share/runtime/sharedRuntime.cpp, line 584]
Event: 1.321 Thread 0x000001c073178000 Exception <a 'java/lang/ArrayIndexOutOfBoundsException'{0x00000007118d04a8}> (0x00000007118d04a8) thrown at [t:/workspace/open/src/hotspot/share/runtime/sharedRuntime.cpp, line 584]
Event: 1.321 Thread 0x000001c073178000 Exception <a 'java/lang/ArrayIndexOutOfBoundsException'{0x00000007118d09d8}> (0x00000007118d09d8) thrown at [t:/workspace/open/src/hotspot/share/runtime/sharedRuntime.cpp, line 584]
Event: 1.321 Thread 0x000001c073178000 Exception <a 'java/lang/ArrayIndexOutOfBoundsException'{0x00000007118d0f08}> (0x00000007118d0f08) thrown at [t:/workspace/open/src/hotspot/share/runtime/sharedRuntime.cpp, line 584]
Event: 1.321 Thread 0x000001c073178000 Exception <a 'java/lang/ArrayIndexOutOfBoundsException'{0x00000007118d1438}> (0x00000007118d1438) thrown at [t:/workspace/open/src/hotspot/share/runtime/sharedRuntime.cpp, line 584]
Event: 1.322 Thread 0x000001c073178000 Exception <a 'java/lang/ArrayIndexOutOfBoundsException'{0x00000007118d1968}> (0x00000007118d1968) thrown at [t:/workspace/open/src/hotspot/share/runtime/sharedRuntime.cpp, line 584]

Events (10 events):
Event: 1.976 Executing VM operation: GetAllStackTraces
Event: 1.977 Executing VM operation: GetAllStackTraces done
Event: 1.987 Executing VM operation: GetAllStackTraces
Event: 1.988 Executing VM operation: GetAllStackTraces done
Event: 1.990 loading class org/netbeans/lib/profiler/wireprotocol/EventBufferDumpedCommand
Event: 1.990 loading class org/netbeans/lib/profiler/wireprotocol/EventBufferDumpedCommand done
Event: 1.996 loading class org/netbeans/lib/profiler/wireprotocol/DumpResultsResponse
Event: 1.996 loading class org/netbeans/lib/profiler/wireprotocol/DumpResultsResponse done
Event: 1.998 loading class org/netbeans/lib/profiler/wireprotocol/GetMethodNamesForJMethodIdsCommand
Event: 1.998 loading class org/netbeans/lib/profiler/wireprotocol/GetMethodNamesForJMethodIdsCommand done


Dynamic libraries:
0x00007ff7f7740000 - 0x00007ff7f7787000 	C:\Program Files\Java\jdk-11.0.1\bin\java.exe
0x00007ffd56050000 - 0x00007ffd56231000 	C:\Windows\SYSTEM32\ntdll.dll
0x00007ffd55f00000 - 0x00007ffd55fb2000 	C:\Windows\System32\KERNEL32.DLL
0x00007ffd52620000 - 0x00007ffd52893000 	C:\Windows\System32\KERNELBASE.dll
0x00007ffd55640000 - 0x00007ffd556e1000 	C:\Windows\System32\ADVAPI32.dll
0x00007ffd55870000 - 0x00007ffd5590e000 	C:\Windows\System32\msvcrt.dll
0x00007ffd55fc0000 - 0x00007ffd5601b000 	C:\Windows\System32\sechost.dll
0x00007ffd55980000 - 0x00007ffd55aa4000 	C:\Windows\System32\RPCRT4.dll
0x00007ffd55340000 - 0x00007ffd554d0000 	C:\Windows\System32\USER32.dll
0x00007ffd52db0000 - 0x00007ffd52dd0000 	C:\Windows\System32\win32u.dll
0x00007ffd53b30000 - 0x00007ffd53b58000 	C:\Windows\System32\GDI32.dll
0x00007ffd528a0000 - 0x00007ffd52a32000 	C:\Windows\System32\gdi32full.dll
0x00007ffd52a40000 - 0x00007ffd52adf000 	C:\Windows\System32\msvcp_win.dll
0x00007ffd52520000 - 0x00007ffd5261a000 	C:\Windows\System32\ucrtbase.dll
0x00007ffd462d0000 - 0x00007ffd46539000 	C:\Windows\WinSxS\amd64_microsoft.windows.common-controls_6595b64144ccf1df_6.0.17134.523_none_fb409dd930672a56\COMCTL32.dll
0x00007ffd53690000 - 0x00007ffd539b2000 	C:\Windows\System32\combase.dll
0x00007ffd52d30000 - 0x00007ffd52daa000 	C:\Windows\System32\bcryptPrimitives.dll
0x00007ffd4c950000 - 0x00007ffd4c95a000 	C:\Windows\SYSTEM32\VERSION.dll
0x00007ffd55590000 - 0x00007ffd555bd000 	C:\Windows\System32\IMM32.DLL
0x00007ffd511a0000 - 0x00007ffd511d1000 	C:\Windows\SYSTEM32\ntmarta.dll
0x00007ffd52260000 - 0x00007ffd52290000 	C:\Windows\SYSTEM32\SspiCli.dll
0x00007ffd48280000 - 0x00007ffd48296000 	C:\Program Files\Java\jdk-11.0.1\bin\vcruntime140.dll
0x00007ffd0ee30000 - 0x00007ffd0eeda000 	C:\Program Files\Java\jdk-11.0.1\bin\msvcp140.dll
0x00007ffceeab0000 - 0x00007ffcef5f2000 	C:\Program Files\Java\jdk-11.0.1\bin\server\jvm.dll
0x00007ffd55910000 - 0x00007ffd55918000 	C:\Windows\System32\PSAPI.DLL
0x00007ffd4b580000 - 0x00007ffd4b589000 	C:\Windows\SYSTEM32\WSOCK32.dll
0x00007ffd556f0000 - 0x00007ffd5575c000 	C:\Windows\System32\WS2_32.dll
0x00007ffd4fd40000 - 0x00007ffd4fd63000 	C:\Windows\SYSTEM32\WINMM.dll
0x00007ffd4fce0000 - 0x00007ffd4fd0a000 	C:\Windows\SYSTEM32\WINMMBASE.dll
0x00007ffd52420000 - 0x00007ffd52469000 	C:\Windows\System32\cfgmgr32.dll
0x00007ffd523e0000 - 0x00007ffd523f1000 	C:\Windows\System32\kernel.appcore.dll
0x00007ffd47610000 - 0x00007ffd47621000 	C:\Program Files\Java\jdk-11.0.1\bin\verify.dll
0x00007ffd51eb0000 - 0x00007ffd52079000 	C:\Windows\SYSTEM32\DBGHELP.DLL
0x00007ffd51c50000 - 0x00007ffd51c79000 	C:\Windows\SYSTEM32\dbgcore.DLL
0x00007ffd47bb0000 - 0x00007ffd47bd9000 	C:\Program Files\Java\jdk-11.0.1\bin\java.dll
0x00007ffd43090000 - 0x00007ffd4309f000 	D:\NetBeans 8.2\profiler\lib\deployed\jdk16\windows-amd64\profilerinterface.dll
0x00007ffd44e40000 - 0x00007ffd44e56000 	C:\Program Files\Java\jdk-11.0.1\bin\zip.dll
0x00007ffd45790000 - 0x00007ffd4579a000 	C:\Program Files\Java\jdk-11.0.1\bin\jimage.dll
0x00007ffd53f00000 - 0x00007ffd55340000 	C:\Windows\System32\SHELL32.dll
0x00007ffd554d0000 - 0x00007ffd55579000 	C:\Windows\System32\shcore.dll
0x00007ffd52dd0000 - 0x00007ffd534dd000 	C:\Windows\System32\windows.storage.dll
0x00007ffd53ea0000 - 0x00007ffd53ef1000 	C:\Windows\System32\shlwapi.dll
0x00007ffd52370000 - 0x00007ffd5238f000 	C:\Windows\System32\profapi.dll
0x00007ffd52390000 - 0x00007ffd523dc000 	C:\Windows\System32\powrprof.dll
0x00007ffd52360000 - 0x00007ffd5236a000 	C:\Windows\System32\FLTLIB.DLL
0x00007ffd447c0000 - 0x00007ffd447d9000 	C:\Program Files\Java\jdk-11.0.1\bin\net.dll
0x00007ffd4d600000 - 0x00007ffd4d6dd000 	C:\Windows\SYSTEM32\WINHTTP.dll
0x00007ffd51880000 - 0x00007ffd518e6000 	C:\Windows\system32\mswsock.dll
0x00007ffd44750000 - 0x00007ffd44763000 	C:\Program Files\Java\jdk-11.0.1\bin\nio.dll
0x00007ffd447b0000 - 0x00007ffd447b9000 	C:\Program Files\Java\jdk-11.0.1\bin\management.dll
0x00007ffd44740000 - 0x00007ffd4474c000 	C:\Program Files\Java\jdk-11.0.1\bin\management_ext.dll
0x00007ffd52080000 - 0x00007ffd52097000 	C:\Windows\SYSTEM32\CRYPTSP.dll
0x00007ffd51460000 - 0x00007ffd51493000 	C:\Windows\system32\rsaenh.dll
0x00007ffd51e80000 - 0x00007ffd51ea5000 	C:\Windows\SYSTEM32\bcrypt.dll
0x00007ffd52290000 - 0x00007ffd522b8000 	C:\Windows\SYSTEM32\USERENV.dll
0x00007ffd51a30000 - 0x00007ffd51a3b000 	C:\Windows\SYSTEM32\CRYPTBASE.dll
0x00007ffd51600000 - 0x00007ffd51638000 	C:\Windows\SYSTEM32\IPHLPAPI.DLL
0x00007ffd534e0000 - 0x00007ffd534e8000 	C:\Windows\System32\NSI.dll
0x00007ffd4cc30000 - 0x00007ffd4cc46000 	C:\Windows\SYSTEM32\dhcpcsvc6.DLL
0x00007ffd4cb40000 - 0x00007ffd4cb5a000 	C:\Windows\SYSTEM32\dhcpcsvc.DLL

dbghelp: loaded successfully - version: 4.0.5 - missing functions: none
symbol engine: initialized successfully - sym options: 0x614 - pdb path: .;C:\Program Files\Java\jdk-11.0.1\bin;C:\Windows\SYSTEM32;C:\Windows\WinSxS\amd64_microsoft.windows.common-controls_6595b64144ccf1df_6.0.17134.523_none_fb409dd930672a56;C:\Program Files\Java\jdk-11.0.1\bin\server;D:\NetBeans 8.2\profiler\lib\deployed\jdk16\windows-amd64

VM Arguments:
jvm_args: -Dfile.encoding=UTF-8 -agentpath:D:/NetBeans 8.2/profiler/lib/deployed/jdk16/windows-amd64/profilerinterface.dll=D:\NetBeans 8.2\profiler\lib,5140,10 -XX:+HeapDumpOnOutOfMemoryError -XX:HeapDumpPath=C:\Users\winst\OneDrive\Documents\NetBeansProjects\MathSolver\nbproject\private\profiler 
java_command: mathexample.MathExample
java_class_path (initial): C:\Users\winst\OneDrive\Documents\NetBeansProjects\MathSolver\build\classes
Launcher Type: SUN_STANDARD

[Global flags]
     intx CICompilerCount                          = 2                                         {product} {ergonomic}
     uint ConcGCThreads                            = 1                                         {product} {ergonomic}
     uint G1ConcRefinementThreads                  = 2                                         {product} {ergonomic}
   size_t G1HeapRegionSize                         = 1048576                                   {product} {ergonomic}
    uintx GCDrainStackTargetSize                   = 64                                        {product} {ergonomic}
     bool HeapDumpOnOutOfMemoryError               = true                                   {manageable} {command line}
    ccstr HeapDumpPath                             = C:\Users\winst\OneDrive\Documents\NetBeansProjects\MathSolver\nbproject\private\profiler         {manageable} {command line}
   size_t InitialHeapSize                          = 266338304                                 {product} {ergonomic}
   size_t MarkStackSize                            = 4194304                                   {product} {ergonomic}
   size_t MaxHeapSize                              = 4261412864                                {product} {ergonomic}
   size_t MaxNewSize                               = 2556428288                                {product} {ergonomic}
   size_t MinHeapDeltaBytes                        = 1048576                                   {product} {ergonomic}
    uintx NonNMethodCodeHeapSize                   = 5824844                                {pd product} {ergonomic}
    uintx NonProfiledCodeHeapSize                  = 122916698                              {pd product} {ergonomic}
    uintx ProfiledCodeHeapSize                     = 122916698                              {pd product} {ergonomic}
    uintx ReservedCodeCacheSize                    = 251658240                              {pd product} {ergonomic}
     bool SegmentedCodeCache                       = true                                      {product} {ergonomic}
     bool UseCompressedClassPointers               = true                                 {lp64_product} {ergonomic}
     bool UseCompressedOops                        = true                                 {lp64_product} {ergonomic}
     bool UseG1GC                                  = true                                      {product} {ergonomic}
     bool UseLargePagesIndividualAllocation        = false                                  {pd product} {ergonomic}

Logging:
Log output configuration:
 #0: stdout all=warning uptime,level,tags
 #1: stderr all=off uptime,level,tags

Environment Variables:
PATH=C:\Program Files (x86)\Common Files\Intel\Shared Libraries\redist\intel64\compiler;C:\Program Files (x86)\Common Files\Oracle\Java\javapath;C:\Windows\system32;C:\Windows;C:\Windows\System32\Wbem;C:\Windows\System32\WindowsPowerShell\v1.0\;C:\Windows\System32\OpenSSH\;C:\Program Files (x86)\NVIDIA Corporation\PhysX\Common;C:\Program Files\dotnet\;C:\Program Files\NVIDIA Corporation\NVIDIA NvDLISR;C:\Users\winst\AppData\Local\Microsoft\WindowsApps;
USERNAME=winst
OS=Windows_NT
PROCESSOR_IDENTIFIER=Intel64 Family 6 Model 94 Stepping 3, GenuineIntel



---------------  S Y S T E M  ---------------

OS: Windows 10 , 64 bit Build 17134 (10.0.17134.1)

CPU:total 4 (initial active 2) (4 cores per cpu, 1 threads per core) family 6 model 94 stepping 3, cmov, cx8, fxsr, mmx, sse, sse2, sse3, ssse3, sse4.1, sse4.2, popcnt, avx, avx2, aes, clmul, erms, rtm, 3dnowpref, lzcnt, tsc, tscinvbit, bmi1, bmi2, adx, fma

Memory: 4k page, system-wide physical 16250M (7812M free)
TotalPageFile size 19369M (AvailPageFile size 3459M)
current process WorkingSet (physical memory assigned to process): 216M, peak: 216M
current process commit charge ("private bytes"): 347M, peak: 350M

vm_info: Java HotSpot(TM) 64-Bit Server VM (11.0.1+13-LTS) for windows-amd64 JRE (11.0.1+13-LTS), built on Oct  6 2018 13:20:16 by "mach5one" with MS VC++ 15.5 (VS2017)

END.
